23-11-2023 18:40:50 INFO  EquipoDao:84 - No hay datos en la tabla equipo
23-11-2023 18:40:50 INFO  EquipoDao:109 - No hay datos en la tabla equipo
23-11-2023 18:41:46 INFO  EquipoDao:135 - No hay datos en la tabla equipo
23-11-2023 18:41:46 INFO  EquipoDao:84 - No hay datos en la tabla equipo
23-11-2023 18:42:07 INFO  EquipoDao:87 - 3--Alex--Palacios--1995--España--Actor
23-11-2023 18:42:07 INFO  EquipoDao:109 - No hay datos en la tabla equipo
23-11-2023 18:42:07 INFO  EquipoDao:138 - 3--Alex--Palacios--1995--España--Actor
23-11-2023 18:42:07 INFO  EquipoDao:87 - 3--Alex--Palacios--1995--España--Actor
23-11-2023 18:42:20 INFO  EquipoDao:87 - 3--Alex--Palacios--1995--España--Actor
23-11-2023 18:42:20 INFO  EquipoDao:87 - 4--Silvia--Carrasco--2003--España--Actor
23-11-2023 18:42:20 INFO  EquipoDao:109 - No hay datos en la tabla equipo
23-11-2023 18:42:20 INFO  EquipoDao:138 - 3--Alex--Palacios--1995--España--Actor
23-11-2023 18:42:20 INFO  EquipoDao:138 - 4--Silvia--Carrasco--2003--España--Actor
23-11-2023 18:42:20 INFO  EquipoDao:87 - 3--Alex--Palacios--1995--España--Actor
23-11-2023 18:42:20 INFO  EquipoDao:87 - 4--Silvia--Carrasco--2003--España--Actor
23-11-2023 18:42:25 INFO  EquipoDao:109 - No hay datos en la tabla equipo
23-11-2023 18:42:35 INFO  EquipoDao:87 - 3--Alex--Palacios--1995--España--Actor
23-11-2023 18:42:35 INFO  EquipoDao:87 - 4--Silvia--Carrasco--2003--España--Actor
23-11-2023 18:42:35 INFO  EquipoDao:112 - 5--Pablo--De La Cruz--2004--España--Director
23-11-2023 18:42:35 INFO  EquipoDao:138 - 3--Alex--Palacios--1995--España--Actor
23-11-2023 18:42:35 INFO  EquipoDao:138 - 4--Silvia--Carrasco--2003--España--Actor
23-11-2023 18:42:35 INFO  EquipoDao:138 - 5--Pablo--De La Cruz--2004--España--Director
23-11-2023 18:42:35 INFO  EquipoDao:112 - 5--Pablo--De La Cruz--2004--España--Director
23-11-2023 18:42:39 INFO  EquipoDao:87 - 3--Alex--Palacios--1995--España--Actor
23-11-2023 18:42:39 INFO  EquipoDao:87 - 4--Silvia--Carrasco--2003--España--Actor
23-11-2023 18:42:39 INFO  EquipoDao:112 - 5--Pablo--De La Cruz--2004--España--Director
23-11-2023 18:44:17 INFO  EquipoDao:87 - 3--Alex--Palacios--1995--España--Actor
23-11-2023 18:44:17 INFO  EquipoDao:87 - 4--Silvia--Carrasco--2003--España--Actor
23-11-2023 18:44:17 INFO  EquipoDao:112 - 5--Pablo--De La Cruz--2004--España--Director
23-11-2023 18:44:17 INFO  EquipoDao:87 - 3--Alex--Palacios--1995--España--Actor
23-11-2023 18:44:17 INFO  EquipoDao:87 - 4--Silvia--Carrasco--2003--España--Actor
23-11-2023 18:44:17 INFO  EquipoDao:112 - 5--Pablo--De La Cruz--2004--España--Director
23-11-2023 18:44:17 INFO  EquipoDao:87 - 3--Alex--Palacios--1995--España--Actor
23-11-2023 18:44:17 INFO  EquipoDao:87 - 4--Silvia--Carrasco--2003--España--Actor
23-11-2023 18:44:17 INFO  EquipoDao:112 - 5--Pablo--De La Cruz--2004--España--Director
23-11-2023 18:45:19 INFO  EquipoDao:87 - 3--Alex--Palacios--1995--España--Actor
23-11-2023 18:45:19 INFO  EquipoDao:87 - 4--Silvia--Carrasco--2003--España--Actor
23-11-2023 18:45:19 INFO  EquipoDao:112 - 5--Pablo--De La Cruz--2004--España--Director
23-11-2023 18:45:20 INFO  EquipoDao:87 - 3--Alex--Palacios--1995--España--Actor
23-11-2023 18:45:20 INFO  EquipoDao:87 - 4--Silvia--Carrasco--2003--España--Actor
23-11-2023 18:45:20 INFO  EquipoDao:112 - 5--Pablo--De La Cruz--2004--España--Director
23-11-2023 18:45:20 INFO  EquipoDao:87 - 3--Alex--Palacios--1995--España--Actor
23-11-2023 18:45:20 INFO  EquipoDao:87 - 4--Silvia--Carrasco--2003--España--Actor
23-11-2023 18:45:20 INFO  EquipoDao:112 - 5--Pablo--De La Cruz--2004--España--Director
23-11-2023 18:45:20 INFO  EquipoDao:87 - 3--Alex--Palacios--1995--España--Actor
23-11-2023 18:45:20 INFO  EquipoDao:87 - 4--Silvia--Carrasco--2003--España--Actor
23-11-2023 18:45:20 INFO  EquipoDao:112 - 5--Pablo--De La Cruz--2004--España--Director
23-11-2023 18:45:20 INFO  EquipoDao:87 - 3--Alex--Palacios--1995--España--Actor
23-11-2023 18:45:20 INFO  EquipoDao:87 - 4--Silvia--Carrasco--2003--España--Actor
23-11-2023 18:45:20 INFO  EquipoDao:112 - 5--Pablo--De La Cruz--2004--España--Director
23-11-2023 18:46:09 INFO  EquipoDao:87 - 3--Alex--Palacios--1995--España--Actor
23-11-2023 18:46:09 INFO  EquipoDao:87 - 4--Silvia--Carrasco--2003--España--Actor
23-11-2023 18:46:09 INFO  EquipoDao:112 - 5--Pablo--De La Cruz--2004--España--Director
23-11-2023 18:46:09 INFO  EquipoDao:87 - 3--Alex--Palacios--1995--España--Actor
23-11-2023 18:46:09 INFO  EquipoDao:87 - 4--Silvia--Carrasco--2003--España--Actor
23-11-2023 18:46:09 INFO  EquipoDao:112 - 5--Pablo--De La Cruz--2004--España--Director
23-11-2023 18:46:10 INFO  EquipoDao:87 - 3--Alex--Palacios--1995--España--Actor
23-11-2023 18:46:10 INFO  EquipoDao:87 - 4--Silvia--Carrasco--2003--España--Actor
23-11-2023 18:46:10 INFO  EquipoDao:112 - 5--Pablo--De La Cruz--2004--España--Director
23-11-2023 18:46:10 INFO  EquipoDao:87 - 3--Alex--Palacios--1995--España--Actor
23-11-2023 18:46:10 INFO  EquipoDao:87 - 4--Silvia--Carrasco--2003--España--Actor
23-11-2023 18:46:10 INFO  EquipoDao:112 - 5--Pablo--De La Cruz--2004--España--Director
23-11-2023 18:46:10 INFO  EquipoDao:87 - 3--Alex--Palacios--1995--España--Actor
23-11-2023 18:46:10 INFO  EquipoDao:87 - 4--Silvia--Carrasco--2003--España--Actor
23-11-2023 18:46:10 INFO  EquipoDao:112 - 5--Pablo--De La Cruz--2004--España--Director
23-11-2023 18:46:10 INFO  EquipoDao:87 - 3--Alex--Palacios--1995--España--Actor
23-11-2023 18:46:10 INFO  EquipoDao:87 - 4--Silvia--Carrasco--2003--España--Actor
23-11-2023 18:46:10 INFO  EquipoDao:112 - 5--Pablo--De La Cruz--2004--España--Director
23-11-2023 18:46:10 INFO  EquipoDao:87 - 3--Alex--Palacios--1995--España--Actor
23-11-2023 18:46:10 INFO  EquipoDao:87 - 4--Silvia--Carrasco--2003--España--Actor
23-11-2023 18:46:10 INFO  EquipoDao:112 - 5--Pablo--De La Cruz--2004--España--Director
23-11-2023 18:46:38 INFO  EquipoDao:87 - 3--Alex--Palacios--1995--España--Actor
23-11-2023 18:46:38 INFO  EquipoDao:87 - 4--Silvia--Carrasco--2003--España--Actor
23-11-2023 18:46:38 INFO  EquipoDao:112 - 5--Pablo--De La Cruz--2004--España--Director
23-11-2023 18:46:38 INFO  EquipoDao:87 - 3--Alex--Palacios--1995--España--Actor
23-11-2023 18:46:38 INFO  EquipoDao:87 - 4--Silvia--Carrasco--2003--España--Actor
23-11-2023 18:46:38 INFO  EquipoDao:112 - 5--Pablo--De La Cruz--2004--España--Director
23-11-2023 18:46:38 INFO  EquipoDao:87 - 3--Alex--Palacios--1995--España--Actor
23-11-2023 18:46:38 INFO  EquipoDao:87 - 4--Silvia--Carrasco--2003--España--Actor
23-11-2023 18:46:38 INFO  EquipoDao:112 - 5--Pablo--De La Cruz--2004--España--Director
23-11-2023 18:46:38 INFO  EquipoDao:87 - 3--Alex--Palacios--1995--España--Actor
23-11-2023 18:46:38 INFO  EquipoDao:87 - 4--Silvia--Carrasco--2003--España--Actor
23-11-2023 18:46:38 INFO  EquipoDao:112 - 5--Pablo--De La Cruz--2004--España--Director
23-11-2023 18:46:46 INFO  EquipoDao:87 - 3--Alex--Palacios--1995--España--Actor
23-11-2023 18:46:46 INFO  EquipoDao:87 - 4--Silvia--Carrasco--2003--España--Actor
23-11-2023 18:46:46 INFO  EquipoDao:112 - 5--Pablo--De La Cruz--2004--España--Director
23-11-2023 18:46:46 INFO  EquipoDao:87 - 3--Alex--Palacios--1995--España--Actor
23-11-2023 18:46:46 INFO  EquipoDao:87 - 4--Silvia--Carrasco--2003--España--Actor
23-11-2023 18:46:47 INFO  EquipoDao:112 - 5--Pablo--De La Cruz--2004--España--Director
23-11-2023 18:46:47 INFO  EquipoDao:87 - 3--Alex--Palacios--1995--España--Actor
23-11-2023 18:46:47 INFO  EquipoDao:87 - 4--Silvia--Carrasco--2003--España--Actor
23-11-2023 18:46:47 INFO  EquipoDao:112 - 5--Pablo--De La Cruz--2004--España--Director
23-11-2023 18:48:16 INFO  EquipoDao:87 - 3--Alex--Palacios--1995--España--Actor
23-11-2023 18:48:16 INFO  EquipoDao:87 - 4--Silvia--Carrasco--2003--España--Actor
23-11-2023 18:48:16 INFO  EquipoDao:112 - 5--Pablo--De La Cruz--2004--España--Director
23-11-2023 18:48:16 INFO  EquipoDao:87 - 3--Alex--Palacios--1995--España--Actor
23-11-2023 18:48:16 INFO  EquipoDao:87 - 4--Silvia--Carrasco--2003--España--Actor
23-11-2023 18:48:16 INFO  EquipoDao:112 - 5--Pablo--De La Cruz--2004--España--Director
23-11-2023 18:48:17 INFO  EquipoDao:87 - 3--Alex--Palacios--1995--España--Actor
23-11-2023 18:48:17 INFO  EquipoDao:87 - 4--Silvia--Carrasco--2003--España--Actor
23-11-2023 18:48:17 INFO  EquipoDao:112 - 5--Pablo--De La Cruz--2004--España--Director
23-11-2023 18:48:19 INFO  EquipoDao:87 - 3--Alex--Palacios--1995--España--Actor
23-11-2023 18:48:19 INFO  EquipoDao:87 - 4--Silvia--Carrasco--2003--España--Actor
23-11-2023 18:48:19 INFO  EquipoDao:112 - 5--Pablo--De La Cruz--2004--España--Director
23-11-2023 18:48:19 INFO  EquipoDao:87 - 3--Alex--Palacios--1995--España--Actor
23-11-2023 18:48:19 INFO  EquipoDao:87 - 4--Silvia--Carrasco--2003--España--Actor
23-11-2023 18:48:19 INFO  EquipoDao:112 - 5--Pablo--De La Cruz--2004--España--Director
23-11-2023 18:49:14 INFO  EquipoDao:87 - 3--Alex--Palacios--1995--España--Actor
23-11-2023 18:49:14 INFO  EquipoDao:87 - 4--Silvia--Carrasco--2003--España--Actor
23-11-2023 18:49:14 INFO  EquipoDao:112 - 5--Pablo--De La Cruz--2004--España--Director
23-11-2023 18:49:15 INFO  EquipoDao:87 - 3--Alex--Palacios--1995--España--Actor
23-11-2023 18:49:15 INFO  EquipoDao:87 - 4--Silvia--Carrasco--2003--España--Actor
23-11-2023 18:49:15 INFO  EquipoDao:112 - 5--Pablo--De La Cruz--2004--España--Director
23-11-2023 18:49:15 INFO  EquipoDao:87 - 3--Alex--Palacios--1995--España--Actor
23-11-2023 18:49:15 INFO  EquipoDao:87 - 4--Silvia--Carrasco--2003--España--Actor
23-11-2023 18:49:15 INFO  EquipoDao:112 - 5--Pablo--De La Cruz--2004--España--Director
23-11-2023 18:49:15 INFO  EquipoDao:87 - 3--Alex--Palacios--1995--España--Actor
23-11-2023 18:49:15 INFO  EquipoDao:87 - 4--Silvia--Carrasco--2003--España--Actor
23-11-2023 18:49:15 INFO  EquipoDao:112 - 5--Pablo--De La Cruz--2004--España--Director
23-11-2023 18:49:50 INFO  EquipoDao:87 - 3--Alex--Palacios--1995--España--Actor
23-11-2023 18:49:50 INFO  EquipoDao:87 - 4--Silvia--Carrasco--2003--España--Actor
23-11-2023 18:49:50 INFO  EquipoDao:112 - 5--Pablo--De La Cruz--2004--España--Director
23-11-2023 18:49:50 INFO  EquipoDao:87 - 3--Alex--Palacios--1995--España--Actor
23-11-2023 18:49:50 INFO  EquipoDao:87 - 4--Silvia--Carrasco--2003--España--Actor
23-11-2023 18:49:50 INFO  EquipoDao:112 - 5--Pablo--De La Cruz--2004--España--Director
23-11-2023 18:49:51 INFO  EquipoDao:87 - 3--Alex--Palacios--1995--España--Actor
23-11-2023 18:49:51 INFO  EquipoDao:87 - 4--Silvia--Carrasco--2003--España--Actor
23-11-2023 18:49:51 INFO  EquipoDao:112 - 5--Pablo--De La Cruz--2004--España--Director
23-11-2023 18:49:51 INFO  EquipoDao:87 - 3--Alex--Palacios--1995--España--Actor
23-11-2023 18:49:51 INFO  EquipoDao:87 - 4--Silvia--Carrasco--2003--España--Actor
23-11-2023 18:49:51 INFO  EquipoDao:112 - 5--Pablo--De La Cruz--2004--España--Director
23-11-2023 18:49:51 INFO  EquipoDao:87 - 3--Alex--Palacios--1995--España--Actor
23-11-2023 18:49:51 INFO  EquipoDao:87 - 4--Silvia--Carrasco--2003--España--Actor
23-11-2023 18:49:51 INFO  EquipoDao:112 - 5--Pablo--De La Cruz--2004--España--Director
23-11-2023 18:49:51 INFO  EquipoDao:87 - 3--Alex--Palacios--1995--España--Actor
23-11-2023 18:49:51 INFO  EquipoDao:87 - 4--Silvia--Carrasco--2003--España--Actor
23-11-2023 18:49:51 INFO  EquipoDao:112 - 5--Pablo--De La Cruz--2004--España--Director
23-11-2023 18:55:39 INFO  EquipoDao:87 - 3--Alex--Palacios--1995--España--Actor
23-11-2023 18:55:39 INFO  EquipoDao:87 - 4--Silvia--Carrasco--2003--España--Actor
23-11-2023 18:55:40 INFO  EquipoDao:112 - 5--Pablo--De La Cruz--2004--España--Director
23-11-2023 18:55:40 INFO  EquipoDao:87 - 3--Alex--Palacios--1995--España--Actor
23-11-2023 18:55:40 INFO  EquipoDao:87 - 4--Silvia--Carrasco--2003--España--Actor
23-11-2023 18:55:40 INFO  EquipoDao:112 - 5--Pablo--De La Cruz--2004--España--Director
23-11-2023 18:55:40 INFO  EquipoDao:87 - 3--Alex--Palacios--1995--España--Actor
23-11-2023 18:55:40 INFO  EquipoDao:87 - 4--Silvia--Carrasco--2003--España--Actor
23-11-2023 18:55:40 INFO  EquipoDao:112 - 5--Pablo--De La Cruz--2004--España--Director
23-11-2023 18:55:40 INFO  EquipoDao:87 - 3--Alex--Palacios--1995--España--Actor
23-11-2023 18:55:40 INFO  EquipoDao:87 - 4--Silvia--Carrasco--2003--España--Actor
23-11-2023 18:55:40 INFO  EquipoDao:112 - 5--Pablo--De La Cruz--2004--España--Director
23-11-2023 18:55:40 INFO  EquipoDao:87 - 3--Alex--Palacios--1995--España--Actor
23-11-2023 18:55:40 INFO  EquipoDao:87 - 4--Silvia--Carrasco--2003--España--Actor
23-11-2023 18:55:40 INFO  EquipoDao:112 - 5--Pablo--De La Cruz--2004--España--Director
23-11-2023 18:55:41 INFO  EquipoDao:87 - 3--Alex--Palacios--1995--España--Actor
23-11-2023 18:55:41 INFO  EquipoDao:87 - 4--Silvia--Carrasco--2003--España--Actor
23-11-2023 18:55:41 INFO  EquipoDao:112 - 5--Pablo--De La Cruz--2004--España--Director
23-11-2023 18:55:41 INFO  EquipoDao:87 - 3--Alex--Palacios--1995--España--Actor
23-11-2023 18:55:41 INFO  EquipoDao:87 - 4--Silvia--Carrasco--2003--España--Actor
23-11-2023 18:55:41 INFO  EquipoDao:112 - 5--Pablo--De La Cruz--2004--España--Director
23-11-2023 18:55:41 ERROR EquipoDao:34 - Error en el método setUp(): Unable to create requested service [org.hibernate.engine.jdbc.env.spi.JdbcEnvironment]
23-11-2023 18:55:41 ERROR EquipoDao:94 - Error en el método obtenerActor(): Session/EntityManager is closed
23-11-2023 18:55:41 ERROR EquipoDao:34 - Error en el método setUp(): Unable to create requested service [org.hibernate.engine.jdbc.env.spi.JdbcEnvironment]
23-11-2023 18:55:41 ERROR EquipoDao:119 - Error en el método obtenerDirector(): Session/EntityManager is closed
23-11-2023 18:55:46 ERROR EquipoDao:34 - Error en el método setUp(): Unable to create requested service [org.hibernate.engine.jdbc.env.spi.JdbcEnvironment]
23-11-2023 18:55:46 ERROR EquipoDao:94 - Error en el método obtenerActor(): Session/EntityManager is closed
23-11-2023 18:55:46 ERROR EquipoDao:34 - Error en el método setUp(): Unable to create requested service [org.hibernate.engine.jdbc.env.spi.JdbcEnvironment]
23-11-2023 18:55:46 ERROR EquipoDao:119 - Error en el método obtenerDirector(): Session/EntityManager is closed
